ffmpeg version 2021-02-16-git-8331eb058d-full_build-www.gyan.dev Copyright (c) 2000-2021 the FFmpeg developers
  built with gcc 10.2.0 (Rev6, Built by MSYS2 project)
  configuration: --enable-gpl --enable-version3 --enable-static --disable-w32threads --disable-autodetect --enable-fontconfig --enable-iconv --enable-gnutls --enable-libxml2 --enable-gmp --enable-lzma --enable-libsnappy --enable-zlib --enable-libsrt --enable-libssh --enable-libzmq --enable-avisynth --enable-libbluray --enable-libcaca --enable-sdl2 --enable-libdav1d --enable-libzvbi --enable-librav1e --enable-libsvtav1 --enable-libwebp --enable-libx264 --enable-libx265 --enable-libxvid --enable-libaom --enable-libopenjpeg --enable-libvpx --enable-libass --enable-frei0r --enable-libfreetype --enable-libfribidi --enable-libvidstab --enable-libvmaf --enable-libzimg --enable-amf --enable-cuda-llvm --enable-cuvid --enable-ffnvcodec --enable-nvdec --enable-nvenc --enable-d3d11va --enable-dxva2 --enable-libmfx --enable-libglslang --enable-vulkan --enable-opencl --enable-libcdio --enable-libgme --enable-libmodplug --enable-libopenmpt --enable-libopencore-amrwb --enable-libmp3lame --enable-libshine --enable-libtheora --enable-libtwolame --enable-libvo-amrwbenc --enable-libilbc --enable-libgsm --enable-libopencore-amrnb --enable-libopus --enable-libspeex --enable-libvorbis --enable-ladspa --enable-libbs2b --enable-libflite --enable-libmysofa --enable-librubberband --enable-libsoxr --enable-chromaprint
  libavutil      56. 65.100 / 56. 65.100
  libavcodec     58.123.100 / 58.123.100
  libavformat    58. 67.100 / 58. 67.100
  libavdevice    58. 12.100 / 58. 12.100
  libavfilter     7.107.100 /  7.107.100
  libswscale      5.  8.100 /  5.  8.100
  libswresample   3.  8.100 /  3.  8.100
  libpostproc    55.  8.100 / 55.  8.100
Splitting the commandline.
Reading option '-v' ... matched as option 'v' (set logging level) with argument 'debug'.
Reading option '-nostdin' ... matched as option 'stdin' (enable or disable interaction on standard input) with argument 0.
Reading option '-progress' ... matched as option 'progress' (write program-readable progress information) with argument 'C:/Users/michr/AppData/Local/Temp/KritaFFmpegProgress.CZhife'.
Reading option '-r' ... matched as option 'r' (set frame rate (Hz value, fraction or abbreviation)) with argument '12'.
Reading option '-start_number' ... matched as AVOption 'start_number' with argument '0'.
Reading option '-i' ... matched as input url with argument 'C:/Users/michr/Google Drive/Drawing/Processing/eye256/plagued%04d.png'.
Reading option '-vf' ... matched as option 'vf' (set video filters) with argument 'palettegen'.
Reading option '-y' ... matched as option 'y' (overwrite output files) with argument '1'.
Reading option 'C:/Users/michr/Google Drive/Drawing/Processing/eye256/palette.png' ... matched as output url.
Finished splitting the commandline.
Parsing a group of options: global .
Applying option v (set logging level) with argument debug.
Applying option nostdin (enable or disable interaction on standard input) with argument 0.
Applying option progress (write program-readable progress information) with argument C:/Users/michr/AppData/Local/Temp/KritaFFmpegProgress.CZhife.
[file @ 0000023ad357b280] Setting default whitelist 'file,crypto,data'
Applying option y (overwrite output files) with argument 1.
Successfully parsed a group of options.
Parsing a group of options: input url C:/Users/michr/Google Drive/Drawing/Processing/eye256/plagued%04d.png.
Applying option r (set frame rate (Hz value, fraction or abbreviation)) with argument 12.
Successfully parsed a group of options.
Opening an input file: C:/Users/michr/Google Drive/Drawing/Processing/eye256/plagued%04d.png.
[image2 @ 0000023ad35cf280] Opening 'C:/Users/michr/Google Drive/Drawing/Processing/eye256/plagued0000.png' for reading
[file @ 0000023ad35d2d40] Setting default whitelist 'file,crypto,data'
[AVIOContext @ 0000023ad35daf00] Statistics: 17382 bytes read, 0 seeks
[image2 @ 0000023ad35cf280] Opening 'C:/Users/michr/Google Drive/Drawing/Processing/eye256/plagued0001.png' for reading
[file @ 0000023ad35d2e00] Setting default whitelist 'file,crypto,data'
[AVIOContext @ 0000023ad35d2f80] Statistics: 15842 bytes read, 0 seeks
[image2 @ 0000023ad35cf280] Opening 'C:/Users/michr/Google Drive/Drawing/Processing/eye256/plagued0002.png' for reading
[file @ 0000023ad35da180] Setting default whitelist 'file,crypto,data'
[AVIOContext @ 0000023ad35da300] Statistics: 15294 bytes read, 0 seeks
[image2 @ 0000023ad35cf280] Opening 'C:/Users/michr/Google Drive/Drawing/Processing/eye256/plagued0003.png' for reading
[file @ 0000023ad35da200] Setting default whitelist 'file,crypto,data'
[AVIOContext @ 0000023ad35da540] Statistics: 15236 bytes read, 0 seeks
[image2 @ 0000023ad35cf280] Opening 'C:/Users/michr/Google Drive/Drawing/Processing/eye256/plagued0004.png' for reading
[file @ 0000023ad35da200] Setting default whitelist 'file,crypto,data'
[AVIOContext @ 0000023ad35da700] Statistics: 15148 bytes read, 0 seeks
[image2 @ 0000023ad35cf280] Opening 'C:/Users/michr/Google Drive/Drawing/Processing/eye256/plagued0005.png' for reading
[file @ 0000023ad35da200] Setting default whitelist 'file,crypto,data'
[AVIOContext @ 0000023ad35da8c0] Statistics: 15099 bytes read, 0 seeks
[image2 @ 0000023ad35cf280] Opening 'C:/Users/michr/Google Drive/Drawing/Processing/eye256/plagued0006.png' for reading
[file @ 0000023ad35da200] Setting default whitelist 'file,crypto,data'
[AVIOContext @ 0000023ad35daa80] Statistics: 15148 bytes read, 0 seeks
[image2 @ 0000023ad35cf280] Opening 'C:/Users/michr/Google Drive/Drawing/Processing/eye256/plagued0007.png' for reading
[file @ 0000023ad35da200] Setting default whitelist 'file,crypto,data'
[AVIOContext @ 0000023ad35dac40] Statistics: 15236 bytes read, 0 seeks
[image2 @ 0000023ad35cf280] Opening 'C:/Users/michr/Google Drive/Drawing/Processing/eye256/plagued0008.png' for reading
[file @ 0000023ad35dac40] Setting default whitelist 'file,crypto,data'
[AVIOContext @ 0000023ad35dad40] Statistics: 15225 bytes read, 0 seeks
[image2 @ 0000023ad35cf280] Opening 'C:/Users/michr/Google Drive/Drawing/Processing/eye256/plagued0009.png' for reading
[file @ 0000023ad35dac40] Setting default whitelist 'file,crypto,data'
[AVIOContext @ 0000023ad35dad40] Statistics: 15232 bytes read, 0 seeks
[image2 @ 0000023ad35cf280] Opening 'C:/Users/michr/Google Drive/Drawing/Processing/eye256/plagued0010.png' for reading
[file @ 0000023ad35dacc0] Setting default whitelist 'file,crypto,data'
[AVIOContext @ 0000023ad35dadc0] Statistics: 15225 bytes read, 0 seeks
[image2 @ 0000023ad35cf280] Opening 'C:/Users/michr/Google Drive/Drawing/Processing/eye256/plagued0011.png' for reading
[file @ 0000023ad364ec80] Setting default whitelist 'file,crypto,data'
[AVIOContext @ 0000023ad364ed80] Statistics: 15236 bytes read, 0 seeks
[image2 @ 0000023ad35cf280] Opening 'C:/Users/michr/Google Drive/Drawing/Processing/eye256/plagued0012.png' for reading
[file @ 0000023ad364ec80] Setting default whitelist 'file,crypto,data'
[AVIOContext @ 0000023ad364ed80] Statistics: 15148 bytes read, 0 seeks
[image2 @ 0000023ad35cf280] Opening 'C:/Users/michr/Google Drive/Drawing/Processing/eye256/plagued0013.png' for reading
[file @ 0000023ad364ec80] Setting default whitelist 'file,crypto,data'
[AVIOContext @ 0000023ad364ed80] Statistics: 15099 bytes read, 0 seeks
[image2 @ 0000023ad35cf280] Opening 'C:/Users/michr/Google Drive/Drawing/Processing/eye256/plagued0014.png' for reading
[file @ 0000023ad364ec80] Setting default whitelist 'file,crypto,data'
[AVIOContext @ 0000023ad364ed80] Statistics: 15148 bytes read, 0 seeks
[image2 @ 0000023ad35cf280] Opening 'C:/Users/michr/Google Drive/Drawing/Processing/eye256/plagued0015.png' for reading
[file @ 0000023ad364ec80] Setting default whitelist 'file,crypto,data'
[AVIOContext @ 0000023ad364ed80] Statistics: 15236 bytes read, 0 seeks
[image2 @ 0000023ad35cf280] Opening 'C:/Users/michr/Google Drive/Drawing/Processing/eye256/plagued0016.png' for reading
[file @ 0000023ad364ec80] Setting default whitelist 'file,crypto,data'
[AVIOContext @ 0000023ad364ed80] Statistics: 15225 bytes read, 0 seeks
[image2 @ 0000023ad35cf280] Opening 'C:/Users/michr/Google Drive/Drawing/Processing/eye256/plagued0017.png' for reading
[file @ 0000023ad364ec80] Setting default whitelist 'file,crypto,data'
[AVIOContext @ 0000023ad364ed80] Statistics: 15232 bytes read, 0 seeks
[image2 @ 0000023ad35cf280] Opening 'C:/Users/michr/Google Drive/Drawing/Processing/eye256/plagued0018.png' for reading
[file @ 0000023ad364ec80] Setting default whitelist 'file,crypto,data'
[AVIOContext @ 0000023ad364ed80] Statistics: 15225 bytes read, 0 seeks
[image2 @ 0000023ad35cf280] Opening 'C:/Users/michr/Google Drive/Drawing/Processing/eye256/plagued0019.png' for reading
[file @ 0000023ad364ec80] Setting default whitelist 'file,crypto,data'
[AVIOContext @ 0000023ad364ed80] Statistics: 15236 bytes read, 0 seeks
[image2 @ 0000023ad35cf280] Opening 'C:/Users/michr/Google Drive/Drawing/Processing/eye256/plagued0020.png' for reading
[file @ 0000023ad364ec80] Setting default whitelist 'file,crypto,data'
[AVIOContext @ 0000023ad364ed80] Statistics: 15148 bytes read, 0 seeks
[image2 @ 0000023ad35cf280] Opening 'C:/Users/michr/Google Drive/Drawing/Processing/eye256/plagued0021.png' for reading
[file @ 0000023ad364ec80] Setting default whitelist 'file,crypto,data'
[AVIOContext @ 0000023ad364ed80] Statistics: 15099 bytes read, 0 seeks
[image2 @ 0000023ad35cf280] Opening 'C:/Users/michr/Google Drive/Drawing/Processing/eye256/plagued0022.png' for reading
[file @ 0000023ad364ec80] Setting default whitelist 'file,crypto,data'
[AVIOContext @ 0000023ad364ed80] Statistics: 15148 bytes read, 0 seeks
[image2 @ 0000023ad35cf280] Opening 'C:/Users/michr/Google Drive/Drawing/Processing/eye256/plagued0023.png' for reading
[file @ 0000023ad364ec80] Setting default whitelist 'file,crypto,data'
[AVIOContext @ 0000023ad364ed80] Statistics: 15236 bytes read, 0 seeks
[image2 @ 0000023ad35cf280] Opening 'C:/Users/michr/Google Drive/Drawing/Processing/eye256/plagued0024.png' for reading
[file @ 0000023ad364ec80] Setting default whitelist 'file,crypto,data'
[AVIOContext @ 0000023ad364ed80] Statistics: 15225 bytes read, 0 seeks
[image2 @ 0000023ad35cf280] Opening 'C:/Users/michr/Google Drive/Drawing/Processing/eye256/plagued0025.png' for reading
[file @ 0000023ad364ec80] Setting default whitelist 'file,crypto,data'
[AVIOContext @ 0000023ad364ed80] Statistics: 15232 bytes read, 0 seeks
[image2 @ 0000023ad35cf280] Opening 'C:/Users/michr/Google Drive/Drawing/Processing/eye256/plagued0026.png' for reading
[file @ 0000023ad364ec80] Setting default whitelist 'file,crypto,data'
[AVIOContext @ 0000023ad364ed80] Statistics: 15225 bytes read, 0 seeks
[image2 @ 0000023ad35cf280] Opening 'C:/Users/michr/Google Drive/Drawing/Processing/eye256/plagued0027.png' for reading
[file @ 0000023ad364ec80] Setting default whitelist 'file,crypto,data'
[AVIOContext @ 0000023ad364ed80] Statistics: 15236 bytes read, 0 seeks
[image2 @ 0000023ad35cf280] Opening 'C:/Users/michr/Google Drive/Drawing/Processing/eye256/plagued0028.png' for reading
[file @ 0000023ad364ec80] Setting default whitelist 'file,crypto,data'
[AVIOContext @ 0000023ad364ed80] Statistics: 15148 bytes read, 0 seeks
[image2 @ 0000023ad35cf280] Opening 'C:/Users/michr/Google Drive/Drawing/Processing/eye256/plagued0029.png' for reading
[file @ 0000023ad364ec80] Setting default whitelist 'file,crypto,data'
[AVIOContext @ 0000023ad364ed80] Statistics: 15099 bytes read, 0 seeks
[image2 @ 0000023ad35cf280] Opening 'C:/Users/michr/Google Drive/Drawing/Processing/eye256/plagued0030.png' for reading
[file @ 0000023ad364ec80] Setting default whitelist 'file,crypto,data'
[AVIOContext @ 0000023ad364ed80] Statistics: 15148 bytes read, 0 seeks
[image2 @ 0000023ad35cf280] Opening 'C:/Users/michr/Google Drive/Drawing/Processing/eye256/plagued0031.png' for reading
[file @ 0000023ad364ec80] Setting default whitelist 'file,crypto,data'
[AVIOContext @ 0000023ad364ed80] Statistics: 15236 bytes read, 0 seeks
[image2 @ 0000023ad35cf280] Opening 'C:/Users/michr/Google Drive/Drawing/Processing/eye256/plagued0032.png' for reading
[file @ 0000023ad364ec80] Setting default whitelist 'file,crypto,data'
[AVIOContext @ 0000023ad364ed80] Statistics: 15225 bytes read, 0 seeks
[image2 @ 0000023ad35cf280] Opening 'C:/Users/michr/Google Drive/Drawing/Processing/eye256/plagued0033.png' for reading
[file @ 0000023ad364ec80] Setting default whitelist 'file,crypto,data'
[AVIOContext @ 0000023ad364ed80] Statistics: 15232 bytes read, 0 seeks
[image2 @ 0000023ad35cf280] Opening 'C:/Users/michr/Google Drive/Drawing/Processing/eye256/plagued0034.png' for reading
[file @ 0000023ad364ec80] Setting default whitelist 'file,crypto,data'
[AVIOContext @ 0000023ad364ed80] Statistics: 15225 bytes read, 0 seeks
[image2 @ 0000023ad35cf280] Opening 'C:/Users/michr/Google Drive/Drawing/Processing/eye256/plagued0035.png' for reading
[file @ 0000023ad364ec80] Setting default whitelist 'file,crypto,data'
[AVIOContext @ 0000023ad364ed80] Statistics: 15236 bytes read, 0 seeks
[image2 @ 0000023ad35cf280] Opening 'C:/Users/michr/Google Drive/Drawing/Processing/eye256/plagued0036.png' for reading
[file @ 0000023ad364ec80] Setting default whitelist 'file,crypto,data'
[AVIOContext @ 0000023ad364ed80] Statistics: 15148 bytes read, 0 seeks
[image2 @ 0000023ad35cf280] Opening 'C:/Users/michr/Google Drive/Drawing/Processing/eye256/plagued0037.png' for reading
[file @ 0000023ad364ec80] Setting default whitelist 'file,crypto,data'
[AVIOContext @ 0000023ad364ed80] Statistics: 15099 bytes read, 0 seeks
[image2 @ 0000023ad35cf280] Opening 'C:/Users/michr/Google Drive/Drawing/Processing/eye256/plagued0038.png' for reading
[file @ 0000023ad364ec80] Setting default whitelist 'file,crypto,data'
[AVIOContext @ 0000023ad364ed80] Statistics: 15148 bytes read, 0 seeks
[image2 @ 0000023ad35cf280] Opening 'C:/Users/michr/Google Drive/Drawing/Processing/eye256/plagued0039.png' for reading
[file @ 0000023ad364ec80] Setting default whitelist 'file,crypto,data'
[AVIOContext @ 0000023ad364ed80] Statistics: 15236 bytes read, 0 seeks
[image2 @ 0000023ad35cf280] Opening 'C:/Users/michr/Google Drive/Drawing/Processing/eye256/plagued0040.png' for reading
[file @ 0000023ad364ec80] Setting default whitelist 'file,crypto,data'
[AVIOContext @ 0000023ad364ed80] Statistics: 15225 bytes read, 0 seeks
[image2 @ 0000023ad35cf280] Opening 'C:/Users/michr/Google Drive/Drawing/Processing/eye256/plagued0041.png' for reading
[file @ 0000023ad364ec80] Setting default whitelist 'file,crypto,data'
[AVIOContext @ 0000023ad364ed80] Statistics: 15232 bytes read, 0 seeks
[image2 @ 0000023ad35cf280] Opening 'C:/Users/michr/Google Drive/Drawing/Processing/eye256/plagued0042.png' for reading
[file @ 0000023ad364ec80] Setting default whitelist 'file,crypto,data'
[AVIOContext @ 0000023ad364ed80] Statistics: 15225 bytes read, 0 seeks
[image2 @ 0000023ad35cf280] Opening 'C:/Users/michr/Google Drive/Drawing/Processing/eye256/plagued0043.png' for reading
[file @ 0000023ad364ec80] Setting default whitelist 'file,crypto,data'
[AVIOContext @ 0000023ad364ed80] Statistics: 15236 bytes read, 0 seeks
[image2 @ 0000023ad35cf280] Opening 'C:/Users/michr/Google Drive/Drawing/Processing/eye256/plagued0044.png' for reading
[file @ 0000023ad3a0ff00] Setting default whitelist 'file,crypto,data'
[AVIOContext @ 0000023ad364ec80] Statistics: 15148 bytes read, 0 seeks
[image2 @ 0000023ad35cf280] Opening 'C:/Users/michr/Google Drive/Drawing/Processing/eye256/plagued0045.png' for reading
[file @ 0000023ad3a0ff00] Setting default whitelist 'file,crypto,data'
[AVIOContext @ 0000023ad364ec80] Statistics: 15099 bytes read, 0 seeks
[image2 @ 0000023ad35cf280] Opening 'C:/Users/michr/Google Drive/Drawing/Processing/eye256/plagued0046.png' for reading
[file @ 0000023ad3a0ff00] Setting default whitelist 'file,crypto,data'
[AVIOContext @ 0000023ad364ec80] Statistics: 15148 bytes read, 0 seeks
[image2 @ 0000023ad35cf280] Opening 'C:/Users/michr/Google Drive/Drawing/Processing/eye256/plagued0047.png' for reading
[file @ 0000023ad3a0ff00] Setting default whitelist 'file,crypto,data'
[AVIOContext @ 0000023ad364ec80] Statistics: 15236 bytes read, 0 seeks
[image2 @ 0000023ad35cf280] Opening 'C:/Users/michr/Google Drive/Drawing/Processing/eye256/plagued0048.png' for reading
[file @ 0000023ad3a0ff00] Setting default whitelist 'file,crypto,data'
[AVIOContext @ 0000023ad364ec80] Statistics: 15236 bytes read, 0 seeks
Input #0, image2, from 'C:/Users/michr/Google Drive/Drawing/Processing/eye256/plagued%04d.png':
  Duration: 00:00:01.96, start: 0.000000, bitrate: N/A
  Stream #0:0, 49, 1/25: Video: png, 1 reference frame, rgba(pc), 256x256 [SAR 11811:11811 DAR 1:1], 0/1, 25 fps, 25 tbr, 25 tbn, 25 tbc
Successfully opened the file.
Parsing a group of options: output url C:/Users/michr/Google Drive/Drawing/Processing/eye256/palette.png.
Applying option vf (set video filters) with argument palettegen.
Successfully parsed a group of options.
Opening an output file: C:/Users/michr/Google Drive/Drawing/Processing/eye256/palette.png.
Successfully opened the file.
detected 24 logical cores
Stream mapping:
  Stream #0:0 -> #0:0 (png (native) -> png (native))
cur_dts is invalid st:0 (0) [init:0 i_done:0 finish:0] (this is harmless if it occurs once at the start per stream)
    Last message repeated 15 times
[graph 0 input from stream 0:0 @ 0000023ad3b8eec0] Setting 'video_size' to value '256x256'
[graph 0 input from stream 0:0 @ 0000023ad3b8eec0] Setting 'pix_fmt' to value '26'
[graph 0 input from stream 0:0 @ 0000023ad3b8eec0] Setting 'time_base' to value '1/12'
[graph 0 input from stream 0:0 @ 0000023ad3b8eec0] Setting 'pixel_aspect' to value '11811/11811'
[graph 0 input from stream 0:0 @ 0000023ad3b8eec0] Setting 'frame_rate' to value '12/1'
[graph 0 input from stream 0:0 @ 0000023ad3b8eec0] w:256 h:256 pixfmt:rgba tb:1/12 fr:12/1 sar:11811/11811
[format @ 0000023ad35dab80] Setting 'pix_fmts' to value 'rgb24|rgba|rgb48be|rgba64be|pal8|gray|ya8|gray16be|ya16be|monob'
[auto_scaler_0 @ 0000023ad35da9c0] Setting 'flags' to value 'bicubic'
[auto_scaler_0 @ 0000023ad35da9c0] w:iw h:ih flags:'bicubic' interl:0
[Parsed_palettegen_0 @ 0000023ad1cd7580] auto-inserting filter 'auto_scaler_0' between the filter 'graph 0 input from stream 0:0' and the filter 'Parsed_palettegen_0'
[auto_scaler_1 @ 0000023ad35f77c0] Setting 'flags' to value 'bicubic'
[auto_scaler_1 @ 0000023ad35f77c0] w:iw h:ih flags:'bicubic' interl:0
[format @ 0000023ad35dab80] auto-inserting filter 'auto_scaler_1' between the filter 'Parsed_palettegen_0' and the filter 'format'
[AVFilterGraph @ 0000023ad39e2980] query_formats: 4 queried, 1 merged, 2 already done, 0 delayed
[auto_scaler_1 @ 0000023ad35f77c0] picking rgba out of 10 ref:bgra alpha:1
[swscaler @ 0000023ad3616800] Forcing full internal H chroma due to input having non subsampled chroma
[auto_scaler_0 @ 0000023ad35da9c0] w:256 h:256 fmt:rgba sar:11811/11811 -> w:256 h:256 fmt:bgra sar:1/1 flags:0x4
[swscaler @ 0000023ad3eefcc0] Forcing full internal H chroma due to input having non subsampled chroma
[auto_scaler_1 @ 0000023ad35f77c0] w:16 h:16 fmt:bgra sar:1/1 -> w:16 h:16 fmt:rgba sar:1/1 flags:0x4
cur_dts is invalid st:0 (0) [init:0 i_done:0 finish:0] (this is harmless if it occurs once at the start per stream)
    Last message repeated 48 times
[Parsed_palettegen_0 @ 0000023ad1cd7580] 90(+1) colors generated out of 90 colors; ratio=1.000000
cur_dts is invalid st:0 (0) [init:0 i_done:0 finish:0] (this is harmless if it occurs once at the start per stream)
Output #0, image2, to 'C:/Users/michr/Google Drive/Drawing/Processing/eye256/palette.png':
  Metadata:
    encoder         : Lavf58.67.100
  Stream #0:0, 0, 1/12: Video: png, 1 reference frame, rgba(pc, progressive), 16x16 (0x0) [SAR 1:1 DAR 1:1], 0/1, q=2-31, 200 kb/s, 12 fps, 12 tbn
    Metadata:
      encoder         : Lavc58.123.100 png
Clipping frame in rate conversion by 0.000008
frame=    1 fps=0.0 q=0.0 size=N/A time=00:00:00.00 bitrate=N/A speed=   0x    cur_dts is invalid st:0 (0) [init:1 i_done:0 finish:0] (this is harmless if it occurs once at the start per stream)
[out_0_0 @ 0000023ad35da4c0] EOF on sink link out_0_0:default.
No more output streams to write to, finishing.
[image2 @ 0000023ad3a235c0] Opening 'C:/Users/michr/Google Drive/Drawing/Processing/eye256/palette.png' for writing
[file @ 0000023ad3628a00] Setting default whitelist 'file,crypto,data'
[AVIOContext @ 0000023ad360d940] Statistics: 0 seeks, 1 writeouts
frame=    1 fps=0.0 q=-0.0 Lsize=N/A time=00:00:00.08 bitrate=N/A speed=5.16x    
[AVIOContext @ 0000023ad35cf100] Statistics: 0 seeks, 2 writeouts
video:0kB audio:0kB subtitle:0kB other streams:0kB global headers:0kB muxing overhead: unknown
Input file #0 (C:/Users/michr/Google Drive/Drawing/Processing/eye256/plagued%04d.png):
  Input stream #0:0 (video): 49 packets read (747366 bytes); 49 frames decoded; 
  Total: 49 packets (747366 bytes) demuxed
Output file #0 (C:/Users/michr/Google Drive/Drawing/Processing/eye256/palette.png):
  Output stream #0:0 (video): 1 frames encoded; 1 packets muxed (370 bytes); 
  Total: 1 packets (370 bytes) muxed
49 frames successfully decoded, 0 decoding errors
